{"/home/huakson/Documentos/cosmo-challenge/src/app.module.ts": {"path":"/home/huakson/Documentos/cosmo-challenge/src/app.module.ts","statementMap":{"0":{"start":{"line":1,"column":0},"end":{"line":1,"column":40}},"1":{"start":{"line":3,"column":0},"end":{"line":3,"column":51}},"2":{"start":{"line":4,"column":0},"end":{"line":4,"column":54}},"3":{"start":{"line":9,"column":0},"end":{"line":9,"column":null}},"4":{"start":{"line":9,"column":13},"end":{"line":9,"column":null}},"5":{"start":{"line":9,"column":13},"end":{"line":9,"column":22}}},"fnMap":{},"branchMap":{},"s":{"0":0,"1":0,"2":0,"3":0,"4":0,"5":0},"f":{},"b":{}}
,"/home/huakson/Documentos/cosmo-challenge/src/main.ts": {"path":"/home/huakson/Documentos/cosmo-challenge/src/main.ts","statementMap":{"0":{"start":{"line":1,"column":0},"end":{"line":1,"column":48}},"1":{"start":{"line":2,"column":0},"end":{"line":2,"column":43}},"2":{"start":{"line":4,"column":0},"end":{"line":4,"column":41}},"3":{"start":{"line":7,"column":14},"end":{"line":7,"column":49}},"4":{"start":{"line":8,"column":2},"end":{"line":8,"column":43}},"5":{"start":{"line":9,"column":2},"end":{"line":9,"column":25}},"6":{"start":{"line":11,"column":0},"end":{"line":11,"column":12}}},"fnMap":{"0":{"name":"bootstrap","decl":{"start":{"line":6,"column":15},"end":{"line":6,"column":24}},"loc":{"start":{"line":6,"column":24},"end":{"line":10,"column":1}}}},"branchMap":{},"s":{"0":0,"1":0,"2":0,"3":0,"4":0,"5":0,"6":0},"f":{"0":0},"b":{}}
,"/home/huakson/Documentos/cosmo-challenge/src/group/group.module.ts": {"path":"/home/huakson/Documentos/cosmo-challenge/src/group/group.module.ts","statementMap":{"0":{"start":{"line":1,"column":0},"end":{"line":1,"column":40}},"1":{"start":{"line":2,"column":0},"end":{"line":2,"column":56}},"2":{"start":{"line":4,"column":0},"end":{"line":4,"column":82}},"3":{"start":{"line":5,"column":0},"end":{"line":5,"column":87}},"4":{"start":{"line":6,"column":0},"end":{"line":6,"column":81}},"5":{"start":{"line":7,"column":0},"end":{"line":7,"column":94}},"6":{"start":{"line":8,"column":0},"end":{"line":8,"column":88}},"7":{"start":{"line":9,"column":0},"end":{"line":9,"column":101}},"8":{"start":{"line":10,"column":0},"end":{"line":10,"column":95}},"9":{"start":{"line":11,"column":0},"end":{"line":11,"column":87}},"10":{"start":{"line":12,"column":0},"end":{"line":12,"column":81}},"11":{"start":{"line":30,"column":0},"end":{"line":30,"column":null}},"12":{"start":{"line":30,"column":13},"end":{"line":30,"column":null}},"13":{"start":{"line":30,"column":13},"end":{"line":30,"column":24}}},"fnMap":{},"branchMap":{},"s":{"0":0,"1":0,"2":0,"3":0,"4":0,"5":0,"6":0,"7":0,"8":0,"9":0,"10":0,"11":0,"12":0,"13":0},"f":{},"b":{}}
,"/home/huakson/Documentos/cosmo-challenge/src/group/entities/group-update.ts": {"path":"/home/huakson/Documentos/cosmo-challenge/src/group/entities/group-update.ts","statementMap":{"0":{"start":{"line":1,"column":0},"end":{"line":1,"column":13}}},"fnMap":{},"branchMap":{},"s":{"0":0},"f":{},"b":{}}
,"/home/huakson/Documentos/cosmo-challenge/src/group/entities/group.entitie.ts": {"path":"/home/huakson/Documentos/cosmo-challenge/src/group/entities/group.entitie.ts","statementMap":{"0":{"start":{"line":1,"column":0},"end":{"line":1,"column":26}},"1":{"start":{"line":9,"column":4},"end":{"line":9,"column":31}},"2":{"start":{"line":11,"column":4},"end":{"line":13,"column":null}},"3":{"start":{"line":12,"column":6},"end":{"line":12,"column":21}},"4":{"start":{"line":3,"column":0},"end":{"line":3,"column":13}}},"fnMap":{"0":{"name":"(anonymous_0)","decl":{"start":{"line":8,"column":2},"end":{"line":8,"column":14}},"loc":{"start":{"line":8,"column":51},"end":{"line":14,"column":3}}}},"branchMap":{"0":{"loc":{"start":{"line":11,"column":4},"end":{"line":13,"column":null}},"type":"if","locations":[{"start":{"line":11,"column":4},"end":{"line":13,"column":null}}]}},"s":{"0":2,"1":2,"2":2,"3":2,"4":2},"f":{"0":2},"b":{"0":[2]}}
,"/home/huakson/Documentos/cosmo-challenge/src/group/repository/implementations/prisma.repository.ts": {"path":"/home/huakson/Documentos/cosmo-challenge/src/group/repository/implementations/prisma.repository.ts","statementMap":{"0":{"start":{"line":1,"column":0},"end":{"line":1,"column":44}},"1":{"start":{"line":3,"column":0},"end":{"line":3,"column":71}},"2":{"start":{"line":9,"column":0},"end":{"line":51,"column":null}},"3":{"start":{"line":10,"column":22},"end":{"line":10,"column":30}},"4":{"start":{"line":13,"column":4},"end":{"line":25,"column":7}},"5":{"start":{"line":29,"column":4},"end":{"line":33,"column":7}},"6":{"start":{"line":37,"column":4},"end":{"line":45,"column":7}},"7":{"start":{"line":49,"column":4},"end":{"line":49,"column":40}},"8":{"start":{"line":9,"column":13},"end":{"line":51,"column":null}},"9":{"start":{"line":9,"column":13},"end":{"line":9,"column":29}}},"fnMap":{"0":{"name":"(anonymous_2)","decl":{"start":{"line":10,"column":2},"end":{"line":10,"column":22}},"loc":{"start":{"line":10,"column":43},"end":{"line":10,"column":47}}},"1":{"name":"(anonymous_3)","decl":{"start":{"line":12,"column":2},"end":{"line":12,"column":7}},"loc":{"start":{"line":12,"column":31},"end":{"line":26,"column":3}}},"2":{"name":"(anonymous_4)","decl":{"start":{"line":28,"column":2},"end":{"line":28,"column":7}},"loc":{"start":{"line":28,"column":31},"end":{"line":34,"column":3}}},"3":{"name":"(anonymous_5)","decl":{"start":{"line":36,"column":2},"end":{"line":36,"column":7}},"loc":{"start":{"line":36,"column":32},"end":{"line":46,"column":3}}},"4":{"name":"(anonymous_6)","decl":{"start":{"line":48,"column":2},"end":{"line":48,"column":7}},"loc":{"start":{"line":48,"column":15},"end":{"line":50,"column":3}}}},"branchMap":{"0":{"loc":{"start":{"line":42,"column":14},"end":{"line":42,"column":47}},"type":"cond-expr","locations":[{"start":{"line":42,"column":26},"end":{"line":42,"column":35}},{"start":{"line":42,"column":38},"end":{"line":42,"column":47}}]},"1":{"loc":{"start":{"line":43,"column":21},"end":{"line":43,"column":68}},"type":"cond-expr","locations":[{"start":{"line":43,"column":40},"end":{"line":43,"column":56}},{"start":{"line":43,"column":59},"end":{"line":43,"column":68}}]}},"s":{"0":8,"1":8,"2":8,"3":0,"4":0,"5":0,"6":0,"7":0,"8":8,"9":8},"f":{"0":0,"1":0,"2":0,"3":0,"4":0},"b":{"0":[0,0],"1":[0,0]}}
,"/home/huakson/Documentos/cosmo-challenge/src/group/useCases/createGroup/create-group.controller.ts": {"path":"/home/huakson/Documentos/cosmo-challenge/src/group/useCases/createGroup/create-group.controller.ts","statementMap":{"0":{"start":{"line":1,"column":0},"end":{"line":1,"column":null}},"1":{"start":{"line":9,"column":0},"end":{"line":9,"column":52}},"2":{"start":{"line":10,"column":0},"end":{"line":10,"column":60}},"3":{"start":{"line":13,"column":0},"end":{"line":27,"column":null}},"4":{"start":{"line":14,"column":22},"end":{"line":14,"column":42}},"5":{"start":{"line":18,"column":4},"end":{"line":25,"column":null}},"6":{"start":{"line":19,"column":6},"end":{"line":19,"column":51}},"7":{"start":{"line":21,"column":6},"end":{"line":24,"column":8}},"8":{"start":{"line":17,"column":2},"end":{"line":26,"column":null}},"9":{"start":{"line":13,"column":13},"end":{"line":27,"column":null}},"10":{"start":{"line":13,"column":13},"end":{"line":13,"column":34}}},"fnMap":{"0":{"name":"(anonymous_4)","decl":{"start":{"line":14,"column":2},"end":{"line":14,"column":22}},"loc":{"start":{"line":14,"column":60},"end":{"line":14,"column":64}}},"1":{"name":"(anonymous_5)","decl":{"start":{"line":17,"column":2},"end":{"line":17,"column":9}},"loc":{"start":{"line":17,"column":38},"end":{"line":26,"column":3}}}},"branchMap":{},"s":{"0":1,"1":1,"2":1,"3":1,"4":3,"5":2,"6":2,"7":0,"8":1,"9":1,"10":1},"f":{"0":3,"1":2},"b":{}}
,"/home/huakson/Documentos/cosmo-challenge/src/group/useCases/createGroup/create-group.dto.ts": {"path":"/home/huakson/Documentos/cosmo-challenge/src/group/useCases/createGroup/create-group.dto.ts","statementMap":{"0":{"start":{"line":1,"column":0},"end":{"line":1,"column":43}},"1":{"start":{"line":5,"column":2},"end":{"line":5,"column":null}},"2":{"start":{"line":8,"column":2},"end":{"line":8,"column":null}},"3":{"start":{"line":3,"column":0},"end":{"line":3,"column":13}}},"fnMap":{},"branchMap":{},"s":{"0":1,"1":1,"2":1,"3":1},"f":{},"b":{}}
,"/home/huakson/Documentos/cosmo-challenge/src/group/useCases/createGroup/create-group.service.ts": {"path":"/home/huakson/Documentos/cosmo-challenge/src/group/useCases/createGroup/create-group.service.ts","statementMap":{"0":{"start":{"line":1,"column":0},"end":{"line":1,"column":71}},"1":{"start":{"line":3,"column":0},"end":{"line":3,"column":53}},"2":{"start":{"line":4,"column":0},"end":{"line":4,"column":86}},"3":{"start":{"line":5,"column":0},"end":{"line":5,"column":87}},"4":{"start":{"line":9,"column":0},"end":{"line":33,"column":null}},"5":{"start":{"line":11,"column":12},"end":{"line":11,"column":24}},"6":{"start":{"line":12,"column":12},"end":{"line":12,"column":29}},"7":{"start":{"line":15,"column":4},"end":{"line":31,"column":null}},"8":{"start":{"line":16,"column":20},"end":{"line":19,"column":8}},"9":{"start":{"line":21,"column":28},"end":{"line":23,"column":8}},"10":{"start":{"line":25,"column":6},"end":{"line":26,"column":70}},"11":{"start":{"line":26,"column":8},"end":{"line":26,"column":70}},"12":{"start":{"line":28,"column":6},"end":{"line":28,"column":48}},"13":{"start":{"line":30,"column":6},"end":{"line":30,"column":79}},"14":{"start":{"line":9,"column":13},"end":{"line":33,"column":null}},"15":{"start":{"line":9,"column":13},"end":{"line":9,"column":31}}},"fnMap":{"0":{"name":"(anonymous_2)","decl":{"start":{"line":10,"column":2},"end":{"line":10,"column":null}},"loc":{"start":{"line":12,"column":51},"end":{"line":13,"column":6}}},"1":{"name":"(anonymous_3)","decl":{"start":{"line":14,"column":2},"end":{"line":14,"column":7}},"loc":{"start":{"line":14,"column":36},"end":{"line":32,"column":3}}}},"branchMap":{"0":{"loc":{"start":{"line":25,"column":6},"end":{"line":26,"column":70}},"type":"if","locations":[{"start":{"line":25,"column":6},"end":{"line":26,"column":70}}]}},"s":{"0":2,"1":2,"2":2,"3":2,"4":2,"5":3,"6":3,"7":2,"8":2,"9":2,"10":2,"11":1,"12":1,"13":1,"14":2,"15":2},"f":{"0":3,"1":2},"b":{"0":[1]}}
,"/home/huakson/Documentos/cosmo-challenge/src/group/useCases/findAllGroups/find-all-groups.controller.ts": {"path":"/home/huakson/Documentos/cosmo-challenge/src/group/useCases/findAllGroups/find-all-groups.controller.ts","statementMap":{"0":{"start":{"line":1,"column":0},"end":{"line":1,"column":76}},"1":{"start":{"line":3,"column":0},"end":{"line":3,"column":65}},"2":{"start":{"line":6,"column":0},"end":{"line":20,"column":null}},"3":{"start":{"line":7,"column":22},"end":{"line":7,"column":44}},"4":{"start":{"line":11,"column":4},"end":{"line":18,"column":null}},"5":{"start":{"line":12,"column":6},"end":{"line":12,"column":49}},"6":{"start":{"line":14,"column":6},"end":{"line":17,"column":8}},"7":{"start":{"line":10,"column":2},"end":{"line":19,"column":null}},"8":{"start":{"line":6,"column":13},"end":{"line":20,"column":null}},"9":{"start":{"line":6,"column":13},"end":{"line":6,"column":36}}},"fnMap":{"0":{"name":"(anonymous_2)","decl":{"start":{"line":7,"column":2},"end":{"line":7,"column":22}},"loc":{"start":{"line":7,"column":64},"end":{"line":7,"column":68}}},"1":{"name":"(anonymous_3)","decl":{"start":{"line":10,"column":2},"end":{"line":10,"column":9}},"loc":{"start":{"line":10,"column":9},"end":{"line":19,"column":3}}}},"branchMap":{},"s":{"0":1,"1":1,"2":1,"3":3,"4":2,"5":2,"6":0,"7":1,"8":1,"9":1},"f":{"0":3,"1":2},"b":{}}
,"/home/huakson/Documentos/cosmo-challenge/src/group/useCases/findAllGroups/find-all-groups.service.ts": {"path":"/home/huakson/Documentos/cosmo-challenge/src/group/useCases/findAllGroups/find-all-groups.service.ts","statementMap":{"0":{"start":{"line":1,"column":0},"end":{"line":1,"column":71}},"1":{"start":{"line":3,"column":0},"end":{"line":3,"column":86}},"2":{"start":{"line":6,"column":0},"end":{"line":18,"column":null}},"3":{"start":{"line":7,"column":22},"end":{"line":7,"column":34}},"4":{"start":{"line":9,"column":4},"end":{"line":16,"column":null}},"5":{"start":{"line":10,"column":6},"end":{"line":10,"column":39}},"6":{"start":{"line":12,"column":6},"end":{"line":15,"column":8}},"7":{"start":{"line":6,"column":13},"end":{"line":18,"column":null}},"8":{"start":{"line":6,"column":13},"end":{"line":6,"column":33}}},"fnMap":{"0":{"name":"(anonymous_2)","decl":{"start":{"line":7,"column":2},"end":{"line":7,"column":22}},"loc":{"start":{"line":7,"column":50},"end":{"line":7,"column":54}}},"1":{"name":"(anonymous_3)","decl":{"start":{"line":8,"column":2},"end":{"line":8,"column":7}},"loc":{"start":{"line":8,"column":15},"end":{"line":17,"column":3}}}},"branchMap":{},"s":{"0":2,"1":2,"2":2,"3":2,"4":1,"5":1,"6":0,"7":2,"8":2},"f":{"0":2,"1":1},"b":{}}
,"/home/huakson/Documentos/cosmo-challenge/src/group/useCases/findGroupByName/find-group-by-name.controller.ts": {"path":"/home/huakson/Documentos/cosmo-challenge/src/group/useCases/findGroupByName/find-group-by-name.controller.ts","statementMap":{"0":{"start":{"line":1,"column":0},"end":{"line":1,"column":null}},"1":{"start":{"line":9,"column":0},"end":{"line":9,"column":62}},"2":{"start":{"line":10,"column":0},"end":{"line":10,"column":70}},"3":{"start":{"line":13,"column":0},"end":{"line":27,"column":null}},"4":{"start":{"line":14,"column":22},"end":{"line":14,"column":46}},"5":{"start":{"line":18,"column":4},"end":{"line":25,"column":null}},"6":{"start":{"line":19,"column":6},"end":{"line":19,"column":55}},"7":{"start":{"line":21,"column":6},"end":{"line":24,"column":8}},"8":{"start":{"line":17,"column":2},"end":{"line":26,"column":null}},"9":{"start":{"line":13,"column":13},"end":{"line":27,"column":null}},"10":{"start":{"line":13,"column":13},"end":{"line":13,"column":38}}},"fnMap":{"0":{"name":"(anonymous_4)","decl":{"start":{"line":14,"column":2},"end":{"line":14,"column":22}},"loc":{"start":{"line":14,"column":68},"end":{"line":14,"column":72}}},"1":{"name":"(anonymous_5)","decl":{"start":{"line":17,"column":2},"end":{"line":17,"column":9}},"loc":{"start":{"line":17,"column":42},"end":{"line":26,"column":3}}}},"branchMap":{},"s":{"0":1,"1":1,"2":1,"3":1,"4":3,"5":2,"6":2,"7":0,"8":1,"9":1,"10":1},"f":{"0":3,"1":2},"b":{}}
,"/home/huakson/Documentos/cosmo-challenge/src/group/useCases/findGroupByName/find-group-by-name.dto.ts": {"path":"/home/huakson/Documentos/cosmo-challenge/src/group/useCases/findGroupByName/find-group-by-name.dto.ts","statementMap":{"0":{"start":{"line":1,"column":0},"end":{"line":1,"column":43}},"1":{"start":{"line":5,"column":2},"end":{"line":5,"column":null}},"2":{"start":{"line":3,"column":0},"end":{"line":3,"column":13}}},"fnMap":{},"branchMap":{},"s":{"0":1,"1":1,"2":1},"f":{},"b":{}}
,"/home/huakson/Documentos/cosmo-challenge/src/group/useCases/findGroupByName/find-group-by-name.service.ts": {"path":"/home/huakson/Documentos/cosmo-challenge/src/group/useCases/findGroupByName/find-group-by-name.service.ts","statementMap":{"0":{"start":{"line":1,"column":0},"end":{"line":1,"column":71}},"1":{"start":{"line":3,"column":0},"end":{"line":3,"column":86}},"2":{"start":{"line":7,"column":0},"end":{"line":19,"column":null}},"3":{"start":{"line":8,"column":22},"end":{"line":8,"column":34}},"4":{"start":{"line":10,"column":4},"end":{"line":17,"column":null}},"5":{"start":{"line":11,"column":6},"end":{"line":11,"column":51}},"6":{"start":{"line":13,"column":6},"end":{"line":16,"column":8}},"7":{"start":{"line":7,"column":13},"end":{"line":19,"column":null}},"8":{"start":{"line":7,"column":13},"end":{"line":7,"column":35}}},"fnMap":{"0":{"name":"(anonymous_2)","decl":{"start":{"line":8,"column":2},"end":{"line":8,"column":22}},"loc":{"start":{"line":8,"column":50},"end":{"line":8,"column":54}}},"1":{"name":"(anonymous_3)","decl":{"start":{"line":9,"column":2},"end":{"line":9,"column":7}},"loc":{"start":{"line":9,"column":40},"end":{"line":18,"column":3}}}},"branchMap":{},"s":{"0":6,"1":6,"2":6,"3":2,"4":1,"5":1,"6":0,"7":6,"8":6},"f":{"0":2,"1":1},"b":{}}
,"/home/huakson/Documentos/cosmo-challenge/src/group/useCases/updateGroup/update-group.controller.ts": {"path":"/home/huakson/Documentos/cosmo-challenge/src/group/useCases/updateGroup/update-group.controller.ts","statementMap":{"0":{"start":{"line":1,"column":0},"end":{"line":1,"column":null}},"1":{"start":{"line":9,"column":0},"end":{"line":9,"column":52}},"2":{"start":{"line":10,"column":0},"end":{"line":10,"column":60}},"3":{"start":{"line":13,"column":0},"end":{"line":27,"column":null}},"4":{"start":{"line":14,"column":22},"end":{"line":14,"column":42}},"5":{"start":{"line":18,"column":4},"end":{"line":25,"column":null}},"6":{"start":{"line":19,"column":6},"end":{"line":19,"column":51}},"7":{"start":{"line":21,"column":6},"end":{"line":24,"column":8}},"8":{"start":{"line":17,"column":2},"end":{"line":26,"column":null}},"9":{"start":{"line":13,"column":13},"end":{"line":27,"column":null}},"10":{"start":{"line":13,"column":13},"end":{"line":13,"column":34}}},"fnMap":{"0":{"name":"(anonymous_4)","decl":{"start":{"line":14,"column":2},"end":{"line":14,"column":22}},"loc":{"start":{"line":14,"column":60},"end":{"line":14,"column":64}}},"1":{"name":"(anonymous_5)","decl":{"start":{"line":17,"column":2},"end":{"line":17,"column":9}},"loc":{"start":{"line":17,"column":38},"end":{"line":26,"column":3}}}},"branchMap":{},"s":{"0":1,"1":1,"2":1,"3":1,"4":3,"5":2,"6":2,"7":0,"8":1,"9":1,"10":1},"f":{"0":3,"1":2},"b":{}}
,"/home/huakson/Documentos/cosmo-challenge/src/group/useCases/updateGroup/update-group.dto.ts": {"path":"/home/huakson/Documentos/cosmo-challenge/src/group/useCases/updateGroup/update-group.dto.ts","statementMap":{"0":{"start":{"line":1,"column":0},"end":{"line":1,"column":63}},"1":{"start":{"line":5,"column":2},"end":{"line":5,"column":null}},"2":{"start":{"line":9,"column":2},"end":{"line":9,"column":null}},"3":{"start":{"line":13,"column":2},"end":{"line":13,"column":null}},"4":{"start":{"line":3,"column":0},"end":{"line":3,"column":13}}},"fnMap":{},"branchMap":{},"s":{"0":1,"1":1,"2":1,"3":1,"4":1},"f":{},"b":{}}
,"/home/huakson/Documentos/cosmo-challenge/src/group/useCases/updateGroup/update-group.service.ts": {"path":"/home/huakson/Documentos/cosmo-challenge/src/group/useCases/updateGroup/update-group.service.ts","statementMap":{"0":{"start":{"line":1,"column":0},"end":{"line":1,"column":71}},"1":{"start":{"line":3,"column":0},"end":{"line":3,"column":86}},"2":{"start":{"line":4,"column":0},"end":{"line":4,"column":87}},"3":{"start":{"line":8,"column":0},"end":{"line":28,"column":null}},"4":{"start":{"line":10,"column":12},"end":{"line":10,"column":24}},"5":{"start":{"line":11,"column":12},"end":{"line":11,"column":29}},"6":{"start":{"line":14,"column":4},"end":{"line":26,"column":null}},"7":{"start":{"line":15,"column":6},"end":{"line":21,"column":null}},"8":{"start":{"line":16,"column":28},"end":{"line":18,"column":10}},"9":{"start":{"line":20,"column":8},"end":{"line":20,"column":57}},"10":{"start":{"line":20,"column":25},"end":{"line":20,"column":57}},"11":{"start":{"line":23,"column":6},"end":{"line":23,"column":42}},"12":{"start":{"line":25,"column":6},"end":{"line":25,"column":79}},"13":{"start":{"line":8,"column":13},"end":{"line":28,"column":null}},"14":{"start":{"line":8,"column":13},"end":{"line":8,"column":31}}},"fnMap":{"0":{"name":"(anonymous_2)","decl":{"start":{"line":9,"column":2},"end":{"line":9,"column":null}},"loc":{"start":{"line":11,"column":51},"end":{"line":12,"column":6}}},"1":{"name":"(anonymous_3)","decl":{"start":{"line":13,"column":2},"end":{"line":13,"column":7}},"loc":{"start":{"line":13,"column":36},"end":{"line":27,"column":3}}}},"branchMap":{"0":{"loc":{"start":{"line":15,"column":6},"end":{"line":21,"column":null}},"type":"if","locations":[{"start":{"line":15,"column":6},"end":{"line":21,"column":null}}]},"1":{"loc":{"start":{"line":20,"column":8},"end":{"line":20,"column":57}},"type":"if","locations":[{"start":{"line":20,"column":8},"end":{"line":20,"column":57}}]}},"s":{"0":2,"1":2,"2":2,"3":2,"4":3,"5":3,"6":2,"7":2,"8":2,"9":2,"10":1,"11":1,"12":1,"13":2,"14":2},"f":{"0":3,"1":2},"b":{"0":[2],"1":[1]}}
,"/home/huakson/Documentos/cosmo-challenge/src/prisma/prisma.module.ts": {"path":"/home/huakson/Documentos/cosmo-challenge/src/prisma/prisma.module.ts","statementMap":{"0":{"start":{"line":1,"column":0},"end":{"line":1,"column":40}},"1":{"start":{"line":3,"column":0},"end":{"line":3,"column":57}},"2":{"start":{"line":9,"column":0},"end":{"line":9,"column":null}},"3":{"start":{"line":9,"column":13},"end":{"line":9,"column":null}},"4":{"start":{"line":9,"column":13},"end":{"line":9,"column":25}}},"fnMap":{},"branchMap":{},"s":{"0":4,"1":4,"2":4,"3":4,"4":4},"f":{},"b":{}}
,"/home/huakson/Documentos/cosmo-challenge/src/prisma/service/prisma.service.ts": {"path":"/home/huakson/Documentos/cosmo-challenge/src/prisma/service/prisma.service.ts","statementMap":{"0":{"start":{"line":1,"column":0},"end":{"line":1,"column":76}},"1":{"start":{"line":2,"column":0},"end":{"line":2,"column":46}},"2":{"start":{"line":5,"column":0},"end":{"line":15,"column":null}},"3":{"start":{"line":7,"column":4},"end":{"line":7,"column":26}},"4":{"start":{"line":11,"column":4},"end":{"line":13,"column":7}},"5":{"start":{"line":12,"column":6},"end":{"line":12,"column":24}},"6":{"start":{"line":5,"column":13},"end":{"line":15,"column":null}},"7":{"start":{"line":5,"column":13},"end":{"line":5,"column":26}}},"fnMap":{"0":{"name":"(anonymous_1)","decl":{"start":{"line":6,"column":2},"end":{"line":6,"column":7}},"loc":{"start":{"line":6,"column":20},"end":{"line":8,"column":3}}},"1":{"name":"(anonymous_2)","decl":{"start":{"line":10,"column":2},"end":{"line":10,"column":7}},"loc":{"start":{"line":10,"column":49},"end":{"line":14,"column":3}}},"2":{"name":"(anonymous_3)","decl":{"start":{"line":11,"column":27},"end":{"line":11,"column":32}},"loc":{"start":{"line":11,"column":38},"end":{"line":13,"column":5}}}},"branchMap":{},"s":{"0":8,"1":8,"2":8,"3":0,"4":0,"5":0,"6":8,"7":8},"f":{"0":0,"1":0,"2":0},"b":{}}
}
