TN:
SF:src/app.module.ts
FNF:0
FNH:0
DA:1,0
DA:3,0
DA:4,0
DA:9,0
LF:4
LH:0
BRF:0
BRH:0
end_of_record
TN:
SF:src/main.ts
FN:6,bootstrap
FNF:1
FNH:0
FNDA:0,bootstrap
DA:1,0
DA:2,0
DA:4,0
DA:7,0
DA:8,0
DA:9,0
DA:11,0
LF:7
LH:0
BRF:0
BRH:0
end_of_record
TN:
SF:src/group/group.module.ts
FNF:0
FNH:0
DA:1,0
DA:2,0
DA:4,0
DA:5,0
DA:6,0
DA:7,0
DA:8,0
DA:9,0
DA:10,0
DA:11,0
DA:12,0
DA:30,0
LF:12
LH:0
BRF:0
BRH:0
end_of_record
TN:
SF:src/group/entities/group-update.ts
FNF:0
FNH:0
DA:1,0
LF:1
LH:0
BRF:0
BRH:0
end_of_record
TN:
SF:src/group/entities/group.entitie.ts
FN:8,(anonymous_0)
FNF:1
FNH:1
FNDA:2,(anonymous_0)
DA:1,2
DA:3,2
DA:9,2
DA:11,2
DA:12,2
LF:5
LH:5
BRDA:11,0,0,2
BRF:1
BRH:1
end_of_record
TN:
SF:src/group/repository/implementations/prisma.repository.ts
FN:10,(anonymous_2)
FN:12,(anonymous_3)
FN:28,(anonymous_4)
FN:36,(anonymous_5)
FN:48,(anonymous_6)
FNF:5
FNH:0
FNDA:0,(anonymous_2)
FNDA:0,(anonymous_3)
FNDA:0,(anonymous_4)
FNDA:0,(anonymous_5)
FNDA:0,(anonymous_6)
DA:1,8
DA:3,8
DA:9,8
DA:10,0
DA:13,0
DA:29,0
DA:37,0
DA:49,0
LF:8
LH:3
BRDA:42,0,0,0
BRDA:42,0,1,0
BRDA:43,1,0,0
BRDA:43,1,1,0
BRF:4
BRH:0
end_of_record
TN:
SF:src/group/useCases/createGroup/create-group.controller.ts
FN:14,(anonymous_4)
FN:17,(anonymous_5)
FNF:2
FNH:2
FNDA:3,(anonymous_4)
FNDA:2,(anonymous_5)
DA:1,1
DA:9,1
DA:10,1
DA:13,1
DA:14,3
DA:17,1
DA:18,2
DA:19,2
DA:21,0
LF:9
LH:8
BRF:0
BRH:0
end_of_record
TN:
SF:src/group/useCases/createGroup/create-group.dto.ts
FNF:0
FNH:0
DA:1,1
DA:3,1
DA:5,1
DA:8,1
LF:4
LH:4
BRF:0
BRH:0
end_of_record
TN:
SF:src/group/useCases/createGroup/create-group.service.ts
FN:10,(anonymous_2)
FN:14,(anonymous_3)
FNF:2
FNH:2
FNDA:3,(anonymous_2)
FNDA:2,(anonymous_3)
DA:1,2
DA:3,2
DA:4,2
DA:5,2
DA:9,2
DA:11,3
DA:12,3
DA:15,2
DA:16,2
DA:21,2
DA:25,2
DA:26,1
DA:28,1
DA:30,1
LF:14
LH:14
BRDA:25,0,0,1
BRF:1
BRH:1
end_of_record
TN:
SF:src/group/useCases/findAllGroups/find-all-groups.controller.ts
FN:7,(anonymous_2)
FN:10,(anonymous_3)
FNF:2
FNH:2
FNDA:3,(anonymous_2)
FNDA:2,(anonymous_3)
DA:1,1
DA:3,1
DA:6,1
DA:7,3
DA:10,1
DA:11,2
DA:12,2
DA:14,0
LF:8
LH:7
BRF:0
BRH:0
end_of_record
TN:
SF:src/group/useCases/findAllGroups/find-all-groups.service.ts
FN:7,(anonymous_2)
FN:8,(anonymous_3)
FNF:2
FNH:2
FNDA:2,(anonymous_2)
FNDA:1,(anonymous_3)
DA:1,2
DA:3,2
DA:6,2
DA:7,2
DA:9,1
DA:10,1
DA:12,0
LF:7
LH:6
BRF:0
BRH:0
end_of_record
TN:
SF:src/group/useCases/findGroupByName/find-group-by-name.controller.ts
FN:14,(anonymous_4)
FN:17,(anonymous_5)
FNF:2
FNH:2
FNDA:3,(anonymous_4)
FNDA:2,(anonymous_5)
DA:1,1
DA:9,1
DA:10,1
DA:13,1
DA:14,3
DA:17,1
DA:18,2
DA:19,2
DA:21,0
LF:9
LH:8
BRF:0
BRH:0
end_of_record
TN:
SF:src/group/useCases/findGroupByName/find-group-by-name.dto.ts
FNF:0
FNH:0
DA:1,1
DA:3,1
DA:5,1
LF:3
LH:3
BRF:0
BRH:0
end_of_record
TN:
SF:src/group/useCases/findGroupByName/find-group-by-name.service.ts
FN:8,(anonymous_2)
FN:9,(anonymous_3)
FNF:2
FNH:2
FNDA:2,(anonymous_2)
FNDA:1,(anonymous_3)
DA:1,6
DA:3,6
DA:7,6
DA:8,2
DA:10,1
DA:11,1
DA:13,0
LF:7
LH:6
BRF:0
BRH:0
end_of_record
TN:
SF:src/group/useCases/updateGroup/update-group.controller.ts
FN:14,(anonymous_4)
FN:17,(anonymous_5)
FNF:2
FNH:2
FNDA:3,(anonymous_4)
FNDA:2,(anonymous_5)
DA:1,1
DA:9,1
DA:10,1
DA:13,1
DA:14,3
DA:17,1
DA:18,2
DA:19,2
DA:21,0
LF:9
LH:8
BRF:0
BRH:0
end_of_record
TN:
SF:src/group/useCases/updateGroup/update-group.dto.ts
FNF:0
FNH:0
DA:1,1
DA:3,1
DA:5,1
DA:9,1
DA:13,1
LF:5
LH:5
BRF:0
BRH:0
end_of_record
TN:
SF:src/group/useCases/updateGroup/update-group.service.ts
FN:9,(anonymous_2)
FN:13,(anonymous_3)
FNF:2
FNH:2
FNDA:3,(anonymous_2)
FNDA:2,(anonymous_3)
DA:1,2
DA:3,2
DA:4,2
DA:8,2
DA:10,3
DA:11,3
DA:14,2
DA:15,2
DA:16,2
DA:20,2
DA:23,1
DA:25,1
LF:12
LH:12
BRDA:15,0,0,2
BRDA:20,1,0,1
BRF:2
BRH:2
end_of_record
TN:
SF:src/prisma/prisma.module.ts
FNF:0
FNH:0
DA:1,4
DA:3,4
DA:9,4
LF:3
LH:3
BRF:0
BRH:0
end_of_record
TN:
SF:src/prisma/service/prisma.service.ts
FN:6,(anonymous_1)
FN:10,(anonymous_2)
FN:11,(anonymous_3)
FNF:3
FNH:0
FNDA:0,(anonymous_1)
FNDA:0,(anonymous_2)
FNDA:0,(anonymous_3)
DA:1,8
DA:2,8
DA:5,8
DA:7,0
DA:11,0
DA:12,0
LF:6
LH:3
BRF:0
BRH:0
end_of_record
